Arguments: 
  C:\Program Files\nodejs\node.exe C:\Program Files (x86)\Yarn\bin\yarn.js install

PATH: 
  C:\Python311\Scripts\;C:\Python311\;C:\Program Files\Common Files\Oracle\Java\javapath;C:\Program Files (x86)\Common Files\Oracle\Java\javapath;C:\WINDOWS\system32;C:\WINDOWS;C:\WINDOWS\System32\Wbem;C:\WINDOWS\System32\WindowsPowerShell\v1.0\;C:\Program Files\dotnet\;C:\Program Files (x86)\GtkSharp\2.12\bin;C:\ProgramData\chocolatey\bin;C:\Users\Osama\AppData\Local\Android\Sdk\platform-tools;C:\Program Files (x86)\Yarn\bin\;C:\WINDOWS\System32\OpenSSH\;C:\Python\Python37\Scripts;C:\Program Files\Java\jdk1.8.0_201\bin;C:\Program Files\Java\jdk-17.0.3\bin;C:\Program Files\Git\cmd;C:\Program Files\PuTTY\;C:\Program Files\OpenSSL-Win64\bin;C:\mongosh-1.8.0-win32-x64\bin;C:\Program Files\MongoDB\Server\6.0\bin;C:\Program Files\nodejs\;C:\Program Files\MySQL\MySQL Server 8.0\bin;C:\Program Files\MySQL\MySQL Shell 8.0\bin\;C:\Python\Python37\Scripts\;C:\Python\Python37\;C:\Users\Osama\AppData\Local\Android\Sdk\platform-tools;C:\Users\Osama\AppData\Local\Yarn\bin;C:\Users\Osama\AppData\Local\Microsoft\WindowsApps;C:\Users\Osama\AppData\Local\Microsoft\WindowsApps;C:\Users\Osama\AppData\Local\Programs\Microsoft VS Code\bin;C:\Program Files\Java\jdk1.8.0_201\bin;C:\Program Files\Java\jdk-17.0.3\bin;C:\Users\Osama\AppData\Local\GitHubDesktop\bin;C:\Users\Osama\AppData\Roaming\npm;C:\Program Files\Java\jdk-20\bin;

Yarn version: 
  1.15.2

Node version: 
  18.18.0

Platform: 
  win32 x64

Trace: 
  Error: getaddrinfo EAI_AGAIN registry.yarnpkg.com
      at GetAddrInfoReqWrap.onlookup [as oncomplete] (node:dns:108:26)

npm manifest: 
  {
    "name": "natours",
    "version": "1.0.0",
    "description": "Learning node, express and mongoDB",
    "main": "app.js",
    "scripts": {
      "start": "nodemon server.js",
      "start:prod": "NODE_ENV=production nodemon server.js",
      "debug": "ndb server.js",
      "build": "ncc build server.js -o dist"
    },
    "author": "Jonas Schmedtmann",
    "license": "ISC",
    "dependencies": {
      "@vercel/ncc": "^0.36.1",
      "axios": "^1.4.0",
      "bcrypt": "^5.1.0",
      "cookie-parser": "^1.4.6",
      "dotenv": "^7.0.0",
      "ejs": "^3.1.9",
      "express": "^4.18.2",
      "express-mongo-sanitize": "^2.2.0",
      "express-rate-limit": "^6.7.0",
      "express-session": "^1.17.3",
      "express-validator": "^7.0.1",
      "google-auth-library": "^8.8.0",
      "helmet": "^6.1.5",
      "hpp": "^0.2.3",
      "jsonwebtoken": "^9.0.0",
      "mongoose": "^5.5.2",
      "mongoose-paginate-v2": "^1.7.1",
      "morgan": "^1.9.1",
      "multer": "^1.4.5-lts.1",
      "ndb": "^1.1.5",
      "nodemailer": "^6.9.1",
      "passport": "^0.6.0",
      "passport-google-oauth": "^2.0.0",
      "sanitize-html": "^2.10.0",
      "session": "^0.1.0",
      "slugify": "^1.3.4",
      "socket.io": "^4.6.1",
      "stripe": "^12.5.0",
      "uuid": "^9.0.0",
      "validator": "^10.11.0"
    },
    "devDependencies": {
      "nodemon": "^2.0.20",
      "prettier": "^1.17.0"
    },
    "engines": {
      "node": ">=10.0.0"
    }
  }

yarn manifest: 
  No manifest

Lockfile: 
  No lockfile
